passwd: password expiry information changed.
dbus-daemon[677]: [session uid=999 pid=677] Activating service name='org.gtk.vfs.Daemon' requested by ':1.0' (uid=999 pid=678 comm="" label="unconfined")
dbus-daemon[677]: [session uid=999 pid=677] Successfully activated service 'org.gtk.vfs.Daemon'
dbus-daemon[677]: [session uid=999 pid=677] Activating service name='org.gtk.vfs.Metadata' requested by ':1.0' (uid=999 pid=678 comm="" label="unconfined")
fuse: device not found, try 'modprobe fuse' first
dbus-daemon[677]: [session uid=999 pid=677] Successfully activated service 'org.gtk.vfs.Metadata'
A connection to the bus can't be made
Using CD-ROM mount point /cdrom/
Identifying... [8bd98cb94037ea750e257d39a1fa3371-2]
Scanning disc for index files...
Found 2 package indexes, 0 source indexes, 0 translation indexes and 1 signatures
Found label 'Ubuntu 22.04.2 LTS _Jammy Jellyfish_ - Release amd64 (20230223)'
This disc is called: 
'Ubuntu 22.04.2 LTS _Jammy Jellyfish_ - Release amd64 (20230223)'
Copying package lists...gpgv: Signature made Thu Feb 23 04:13:34 2023 UTC
gpgv:                using RSA key 843938DF228D22F7B3742BC0D94AA3F0EFE21092
gpgv: Good signature from "Ubuntu CD Image Automatic Signing Key (2012) <cdimage@ubuntu.com>"
Reading Package Indexes... 0%Reading Package Indexes... Done
Writing new source list
Source list entries for this disc are:
deb cdrom:[Ubuntu 22.04.2 LTS _Jammy Jellyfish_ - Release amd64 (20230223)]/ jammy main restricted
Repeat this process for the rest of the CDs in your set.
